#-----------------------------------------------------------
# Webtalk v2016.2 (64-bit)
# SW Build 1577090 on Thu Jun  2 16:32:40 MDT 2016
# 
# Start of session at: Mon Mar 06 14:15:32 2017
# Process ID: 10860
# Current directory: E:/Lin/vivado_learing/Gmode/gpsImode_Proj.sdk/webtalk
# Command line: wbtcv.exe -mode batch -source sdk_webtalk.tcl
# Log file: E:/Lin/vivado_learing/Gmode/gpsImode_Proj.sdk/webtalk/webtalk.log
# Journal file: E:/Lin/vivado_learing/Gmode/gpsImode_Proj.sdk/webtalk\webtalk.jou
#-----------------------------------------------------------
source sdk_webtalk.tcl
# webtalk_init -webtalk_dir E:\\Lin\\vivado_learing\\Gmode\\gpsImode_Proj.sdk\\webtalk
# webtalk_register_client -client project
# webtalk_add_data -client project -key date_generated -value "星期一 三月 6 14:15:31 2017" -context "software_version_and_target_device"
# webtalk_add_data -client project -key product_version -value "SDK v2016.2" -context "software_version_and_target_device"
# webtalk_add_data -client project -key build_version -value "2016.2" -context "software_version_and_target_device"
# webtalk_add_data -client project -key os_platform -value "amd64" -context "software_version_and_target_device"
# webtalk_add_data -client project -key registration_id -value "" -context "software_version_and_target_device"
# webtalk_add_data -client project -key tool_flow -value "SDK" -context "software_version_and_target_device"
# webtalk_add_data -client project -key beta -value "false" -context "software_version_and_target_device"
# webtalk_add_data -client project -key route_design -value "NA" -context "software_version_and_target_device"
# webtalk_add_data -client project -key target_family -value "NA" -context "software_version_and_target_device"
# webtalk_add_data -client project -key target_device -value "NA" -context "software_version_and_target_device"
# webtalk_add_data -client project -key target_package -value "NA" -context "software_version_and_target_device"
# webtalk_add_data -client project -key target_speed -value "NA" -context "software_version_and_target_device"
# webtalk_add_data -client project -key random_id -value "8aq1ttvun5oqf0ma2d8a4nia01" -context "software_version_and_target_device"
# webtalk_add_data -client project -key project_id -value "2016.2_28" -context "software_version_and_target_device"
# webtalk_add_data -client project -key project_iteration -value "28" -context "software_version_and_target_device"
# webtalk_add_data -client project -key os_name -value "" -context "user_environment"
# webtalk_add_data -client project -key os_release -value "" -context "user_environment"
# webtalk_add_data -client project -key cpu_name -value "" -context "user_environment"
# webtalk_add_data -client project -key cpu_speed -value "" -context "user_environment"
# webtalk_add_data -client project -key total_processors -value "" -context "user_environment"
# webtalk_add_data -client project -key system_ram -value "" -context "user_environment"
# webtalk_register_client -client sdk
# webtalk_add_data -client sdk -key uid -value "1488768693297" -context "sdk\\\\hardware/1488768693297"
# webtalk_add_data -client sdk -key isZynq -value "true" -context "sdk\\\\hardware/1488768693297"
# webtalk_add_data -client sdk -key Processors -value "2" -context "sdk\\\\hardware/1488768693297"
# webtalk_add_data -client sdk -key VivadoVersion -value "2016.2" -context "sdk\\\\hardware/1488768693297"
# webtalk_add_data -client sdk -key Arch -value "zynq" -context "sdk\\\\hardware/1488768693297"
# webtalk_add_data -client sdk -key Device -value "7z020" -context "sdk\\\\hardware/1488768693297"
# webtalk_add_data -client sdk -key IsHandoff -value "true" -context "sdk\\\\hardware/1488768693297"
# webtalk_add_data -client sdk -key uid -value "1488768726641" -context "sdk\\\\bsp/1488768726641"
# webtalk_add_data -client sdk -key hwid -value "1488768693297" -context "sdk\\\\bsp/1488768726641"
# webtalk_add_data -client sdk -key os -value "standalone" -context "sdk\\\\bsp/1488768726641"
# webtalk_add_data -client sdk -key apptemplate -value "hello_world" -context "sdk\\\\bsp/1488768726641"
# webtalk_add_data -client sdk -key uid -value "1488768736384" -context "sdk\\\\application/1488768736384"
# webtalk_add_data -client sdk -key hwid -value "1488768693297" -context "sdk\\\\application/1488768736384"
# webtalk_add_data -client sdk -key bspid -value "1488768726641" -context "sdk\\\\application/1488768736384"
# webtalk_add_data -client sdk -key newbsp -value "true" -context "sdk\\\\application/1488768736384"
# webtalk_add_data -client sdk -key os -value "standalone" -context "sdk\\\\application/1488768736384"
# webtalk_add_data -client sdk -key apptemplate -value "hello_world" -context "sdk\\\\application/1488768736384"
# webtalk_add_data -client sdk -key uid -value "1488780268732" -context "sdk\\\\hardware/1488780268732"
# webtalk_add_data -client sdk -key isZynq -value "true" -context "sdk\\\\hardware/1488780268732"
# webtalk_add_data -client sdk -key Processors -value "2" -context "sdk\\\\hardware/1488780268732"
# webtalk_add_data -client sdk -key VivadoVersion -value "2016.2" -context "sdk\\\\hardware/1488780268732"
# webtalk_add_data -client sdk -key Arch -value "zynq" -context "sdk\\\\hardware/1488780268732"
# webtalk_add_data -client sdk -key Device -value "7z020" -context "sdk\\\\hardware/1488780268732"
# webtalk_add_data -client sdk -key IsHandoff -value "true" -context "sdk\\\\hardware/1488780268732"
# webtalk_add_data -client sdk -key uid -value "1488780276874" -context "sdk\\\\bsp/1488780276874"
# webtalk_add_data -client sdk -key hwid -value "1488780268732" -context "sdk\\\\bsp/1488780276874"
# webtalk_add_data -client sdk -key os -value "standalone" -context "sdk\\\\bsp/1488780276874"
# webtalk_add_data -client sdk -key apptemplate -value "hello_world" -context "sdk\\\\bsp/1488780276874"
# webtalk_add_data -client sdk -key uid -value "1488780283027" -context "sdk\\\\application/1488780283027"
# webtalk_add_data -client sdk -key hwid -value "1488780268732" -context "sdk\\\\application/1488780283027"
# webtalk_add_data -client sdk -key bspid -value "1488780276874" -context "sdk\\\\application/1488780283027"
# webtalk_add_data -client sdk -key newbsp -value "true" -context "sdk\\\\application/1488780283027"
# webtalk_add_data -client sdk -key os -value "standalone" -context "sdk\\\\application/1488780283027"
# webtalk_add_data -client sdk -key apptemplate -value "hello_world" -context "sdk\\\\application/1488780283027"
# webtalk_transmit -clientid 236043896 -regid "" -xml E:\\Lin\\vivado_learing\\Gmode\\gpsImode_Proj.sdk\\webtalk\\usage_statistics_ext_sdk.xml -html E:\\Lin\\vivado_learing\\Gmode\\gpsImode_Proj.sdk\\webtalk\\usage_statistics_ext_sdk.html -wdm E:\\Lin\\vivado_learing\\Gmode\\gpsImode_Proj.sdk\\webtalk\\sdk_webtalk.wdm -intro "<H3>SDK Usage Report</H3><BR>"
# webtalk_terminate
INFO: [Common 17-206] Exiting Webtalk at Mon Mar 06 14:15:45 2017...
