#-----------------------------------------------------------
# Webtalk v2016.2 (64-bit)
# SW Build 1577090 on Thu Jun  2 16:32:40 MDT 2016
# 
# Start of session at: Thu Mar 09 20:05:17 2017
# Process ID: 4788
# Current directory: E:/Lin/vivado_learing/Gmode/gpsImode_Proj.sdk/webtalk
# Command line: wbtcv.exe -mode batch -source sdk_webtalk.tcl
# Log file: E:/Lin/vivado_learing/Gmode/gpsImode_Proj.sdk/webtalk/webtalk.log
# Journal file: E:/Lin/vivado_learing/Gmode/gpsImode_Proj.sdk/webtalk\webtalk.jou
#-----------------------------------------------------------
source sdk_webtalk.tcl
# webtalk_init -webtalk_dir E:\\Lin\\vivado_learing\\Gmode\\gpsImode_Proj.sdk\\webtalk
# webtalk_register_client -client project
# webtalk_add_data -client project -key date_generated -value "星期四 三月 9 20:05:16 2017" -context "software_version_and_target_device"
# webtalk_add_data -client project -key product_version -value "SDK v2016.2" -context "software_version_and_target_device"
# webtalk_add_data -client project -key build_version -value "2016.2" -context "software_version_and_target_device"
# webtalk_add_data -client project -key os_platform -value "amd64" -context "software_version_and_target_device"
# webtalk_add_data -client project -key registration_id -value "" -context "software_version_and_target_device"
# webtalk_add_data -client project -key tool_flow -value "SDK" -context "software_version_and_target_device"
# webtalk_add_data -client project -key beta -value "false" -context "software_version_and_target_device"
# webtalk_add_data -client project -key route_design -value "NA" -context "software_version_and_target_device"
# webtalk_add_data -client project -key target_family -value "NA" -context "software_version_and_target_device"
# webtalk_add_data -client project -key target_device -value "NA" -context "software_version_and_target_device"
# webtalk_add_data -client project -key target_package -value "NA" -context "software_version_and_target_device"
# webtalk_add_data -client project -key target_speed -value "NA" -context "software_version_and_target_device"
# webtalk_add_data -client project -key random_id -value "po4pioi89c6ndgluo3vnnq1s47" -context "software_version_and_target_device"
# webtalk_add_data -client project -key project_id -value "2016.2_29" -context "software_version_and_target_device"
# webtalk_add_data -client project -key project_iteration -value "29" -context "software_version_and_target_device"
# webtalk_add_data -client project -key os_name -value "" -context "user_environment"
# webtalk_add_data -client project -key os_release -value "" -context "user_environment"
# webtalk_add_data -client project -key cpu_name -value "" -context "user_environment"
# webtalk_add_data -client project -key cpu_speed -value "" -context "user_environment"
# webtalk_add_data -client project -key total_processors -value "" -context "user_environment"
# webtalk_add_data -client project -key system_ram -value "" -context "user_environment"
# webtalk_register_client -client sdk
# webtalk_add_data -client sdk -key uid -value "1489041954053" -context "sdk\\\\bsp/1489041954053"
# webtalk_add_data -client sdk -key hwid -value "1488780268732" -context "sdk\\\\bsp/1489041954053"
# webtalk_add_data -client sdk -key os -value "standalone" -context "sdk\\\\bsp/1489041954053"
# webtalk_add_data -client sdk -key apptemplate -value "hello_world" -context "sdk\\\\bsp/1489041954053"
# webtalk_add_data -client sdk -key uid -value "1489041955757" -context "sdk\\\\application/1489041955757"
# webtalk_add_data -client sdk -key hwid -value "1488780268732" -context "sdk\\\\application/1489041955757"
# webtalk_add_data -client sdk -key bspid -value "1489041954053" -context "sdk\\\\application/1489041955757"
# webtalk_add_data -client sdk -key newbsp -value "true" -context "sdk\\\\application/1489041955757"
# webtalk_add_data -client sdk -key os -value "standalone" -context "sdk\\\\application/1489041955757"
# webtalk_add_data -client sdk -key apptemplate -value "hello_world" -context "sdk\\\\application/1489041955757"
# webtalk_transmit -clientid 2999184462 -regid "" -xml E:\\Lin\\vivado_learing\\Gmode\\gpsImode_Proj.sdk\\webtalk\\usage_statistics_ext_sdk.xml -html E:\\Lin\\vivado_learing\\Gmode\\gpsImode_Proj.sdk\\webtalk\\usage_statistics_ext_sdk.html -wdm E:\\Lin\\vivado_learing\\Gmode\\gpsImode_Proj.sdk\\webtalk\\sdk_webtalk.wdm -intro "<H3>SDK Usage Report</H3><BR>"
# webtalk_terminate
INFO: [Common 17-206] Exiting Webtalk at Thu Mar 09 20:05:40 2017...
