14:39:30 **** Auto Build of configuration Debug for project G_delay ****
make pre-build main-build 
a9-linaro-pre-build-step
 
Building file: ../src/GPS.c
Invoking: ARM v7 gcc compiler
arm-none-eabi-gcc -Wall -O0 -g3 -c -fmessage-length=0 -MT"src/GPS.o" -mcpu=cortex-a9 -mfpu=vfpv3 -mfloat-abi=hard -I../../G_delay_bsp/ps7_cortexa9_0/include -MMD -MP -MF"src/GPS.d" -MT"src/GPS.o" -o "src/GPS.o" "../src/GPS.c"
../src/GPS.c: In function 'Gps_GetTimeInfo':
../src/GPS.c:71:2: warning: implicit declaration of function 'sscanf' [-Wimplicit-function-declaration]
  sscanf(GpsBuffer,"$GNRMC,%2d%2d%2d",
  ^
../src/GPS.c:71:2: warning: incompatible implicit declaration of built-in function 'sscanf'
../src/GPS.c:71:9: warning: pointer targets in passing argument 1 of 'sscanf' differ in signedness [-Wpointer-sign]
  sscanf(GpsBuffer,"$GNRMC,%2d%2d%2d",
         ^
../src/GPS.c:71:9: note: expected 'const char *' but argument is of type 'u8 *'
../src/GPS.c:74:9: warning: pointer targets in passing argument 1 of 'sscanf' differ in signedness [-Wpointer-sign]
  sscanf(GpsBuffer+Index-15,"%2d%2d%2d",
         ^
../src/GPS.c:74:9: note: expected 'const char *' but argument is of type 'u8 *'
Finished building: ../src/GPS.c
 
Building file: ../src/SD_Card.c
Invoking: ARM v7 gcc compiler
arm-none-eabi-gcc -Wall -O0 -g3 -c -fmessage-length=0 -MT"src/SD_Card.o" -mcpu=cortex-a9 -mfpu=vfpv3 -mfloat-abi=hard -I../../G_delay_bsp/ps7_cortexa9_0/include -MMD -MP -MF"src/SD_Card.d" -MT"src/SD_Card.o" -o "src/SD_Card.o" "../src/SD_Card.c"
Finished building: ../src/SD_Card.c
 
Building file: ../src/fifo.c
Invoking: ARM v7 gcc compiler
arm-none-eabi-gcc -Wall -O0 -g3 -c -fmessage-length=0 -MT"src/fifo.o" -mcpu=cortex-a9 -mfpu=vfpv3 -mfloat-abi=hard -I../../G_delay_bsp/ps7_cortexa9_0/include -MMD -MP -MF"src/fifo.d" -MT"src/fifo.o" -o "src/fifo.o" "../src/fifo.c"
Finished building: ../src/fifo.c
 
Building file: ../src/helloworld.c
Invoking: ARM v7 gcc compiler
arm-none-eabi-gcc -Wall -O0 -g3 -c -fmessage-length=0 -MT"src/helloworld.o" -mcpu=cortex-a9 -mfpu=vfpv3 -mfloat-abi=hard -I../../G_delay_bsp/ps7_cortexa9_0/include -MMD -MP -MF"src/helloworld.d" -MT"src/helloworld.o" -o "src/helloworld.o" "../src/helloworld.c"
In file included from ../src/helloworld.c:42:0:
../src/SD_card.h:19:12: warning: 'fil' defined but not used [-Wunused-variable]
 static FIL fil;  /* File object */
            ^
../src/SD_card.h:20:14: warning: 'fatfs' defined but not used [-Wunused-variable]
 static FATFS fatfs;
              ^
Finished building: ../src/helloworld.c
 
Building file: ../src/lidar_delay.c
Invoking: ARM v7 gcc compiler
arm-none-eabi-gcc -Wall -O0 -g3 -c -fmessage-length=0 -MT"src/lidar_delay.o" -mcpu=cortex-a9 -mfpu=vfpv3 -mfloat-abi=hard -I../../G_delay_bsp/ps7_cortexa9_0/include -MMD -MP -MF"src/lidar_delay.d" -MT"src/lidar_delay.o" -o "src/lidar_delay.o" "../src/lidar_delay.c"
Finished building: ../src/lidar_delay.c
 
Building file: ../src/lidar_sys.c
Invoking: ARM v7 gcc compiler
arm-none-eabi-gcc -Wall -O0 -g3 -c -fmessage-length=0 -MT"src/lidar_sys.o" -mcpu=cortex-a9 -mfpu=vfpv3 -mfloat-abi=hard -I../../G_delay_bsp/ps7_cortexa9_0/include -MMD -MP -MF"src/lidar_sys.d" -MT"src/lidar_sys.o" -o "src/lidar_sys.o" "../src/lidar_sys.c"
In file included from ../src/lidar_sys.c:16:0:
../src/SD_card.h:19:12: warning: 'fil' defined but not used [-Wunused-variable]
 static FIL fil;  /* File object */
            ^
../src/SD_card.h:20:14: warning: 'fatfs' defined but not used [-Wunused-variable]
 static FATFS fatfs;
              ^
Finished building: ../src/lidar_sys.c
 
Building file: ../src/platform.c
Invoking: ARM v7 gcc compiler
arm-none-eabi-gcc -Wall -O0 -g3 -c -fmessage-length=0 -MT"src/platform.o" -mcpu=cortex-a9 -mfpu=vfpv3 -mfloat-abi=hard -I../../G_delay_bsp/ps7_cortexa9_0/include -MMD -MP -MF"src/platform.d" -MT"src/platform.o" -o "src/platform.o" "../src/platform.c"
Finished building: ../src/platform.c
 
Building file: ../src/tdc.c
Invoking: ARM v7 gcc compiler
arm-none-eabi-gcc -Wall -O0 -g3 -c -fmessage-length=0 -MT"src/tdc.o" -mcpu=cortex-a9 -mfpu=vfpv3 -mfloat-abi=hard -I../../G_delay_bsp/ps7_cortexa9_0/include -MMD -MP -MF"src/tdc.d" -MT"src/tdc.o" -o "src/tdc.o" "../src/tdc.c"
Finished building: ../src/tdc.c
 
Building target: G_delay.elf
Invoking: ARM v7 gcc linker
arm-none-eabi-gcc -mcpu=cortex-a9 -mfpu=vfpv3 -mfloat-abi=hard -Wl,-build-id=none -specs=Xilinx.spec -Wl,-T -Wl,../src/lscript.ld -L../../G_delay_bsp/ps7_cortexa9_0/lib -o "G_delay.elf"  ./src/GPS.o ./src/SD_Card.o ./src/fifo.o ./src/helloworld.o ./src/lidar_delay.o ./src/lidar_sys.o ./src/platform.o ./src/tdc.o   -Wl,--start-group,-lxil,-lgcc,-lc,--end-group
./src/SD_Card.o: In function `Ffs_Init':
E:\Lin\vivado_learing\Gmode\gpsImode_Proj.sdk\G_delay\Debug/../src/SD_Card.c:52: undefined reference to `f_mount'
E:\Lin\vivado_learing\Gmode\gpsImode_Proj.sdk\G_delay\Debug/../src/SD_Card.c:58: undefined reference to `f_mkdir'
./src/SD_Card.o: In function `Ffs_WriteDataToFileInCorrectPath':
E:\Lin\vivado_learing\Gmode\gpsImode_Proj.sdk\G_delay\Debug/../src/SD_Card.c:88: undefined reference to `f_write'
E:\Lin\vivado_learing\Gmode\gpsImode_Proj.sdk\G_delay\Debug/../src/SD_Card.c:93: undefined reference to `f_sync'
./src/SD_Card.o: In function `Ffs_CreateNewFile':
E:\Lin\vivado_learing\Gmode\gpsImode_Proj.sdk\G_delay\Debug/../src/SD_Card.c:111: undefined reference to `f_open'
./src/SD_Card.o: In function `Ffs_CloseFile':
E:\Lin\vivado_learing\Gmode\gpsImode_Proj.sdk\G_delay\Debug/../src/SD_Card.c:122: undefined reference to `f_close'
collect2.exe: error: ld returned 1 exit status
make: *** [G_delay.elf] ´íÎó 1

14:39:32 Build Finished (took 2s.203ms)

